

Processing InfoController#properties (for 127.0.0.1 at 2007-07-02 19:36:18) [GET]
  Session ID: 6a789d1a00949f3df51d90be25c689ff
  Parameters: {"action"=>"properties", "controller"=>"rails/info"}
  [4;36;1mSQL (0.000000)[0m   [0;1mSQLite3::SQLException: no such table: schema_info: SELECT version FROM schema_info[0m
Completed in 2.14044 (0 reqs/sec) | Rendering: 0.00366 (0%) | DB: 0.00000 (0%) | 200 OK [http://localhost/rails/info/properties]


Processing InfoController#properties (for 127.0.0.1 at 2007-07-02 19:36:23) [GET]
  Session ID: 59ecc3ea221ccc78f797d8770ec6a57d
  Parameters: {"action"=>"properties", "controller"=>"rails/info"}
  [4;35;1mSQL (0.000000)[0m   [0mSQLite3::SQLException: no such table: schema_info: SELECT version FROM schema_info[0m
Completed in 0.70443 (1 reqs/sec) | Rendering: 0.00132 (0%) | DB: 0.00000 (0%) | 200 OK [http://localhost/rails/info/properties]
  [4;36;1mSQL (0.233379)[0m   [0;1mCREATE TABLE schema_info (version integer)[0m
  [4;35;1mSQL (0.265082)[0m   [0mINSERT INTO schema_info (version) VALUES(0)[0m
  [4;36;1mSQL (0.000000)[0m   [0;1mSQLite3::SQLException: table schema_info already exists: CREATE TABLE schema_info (version integer)[0m
  [4;35;1mSQL (0.001001)[0m   [0mSELECT version FROM schema_info[0m
Migrating to CreatePeople (1)
  [4;36;1mSQL (0.199833)[0m   [0;1mCREATE TABLE people ("id" INTEGER PRIMARY KEY NOT NULL, "name" varchar(100) DEFAULT NULL, "email" varchar(100) DEFAULT NULL, "phone" varchar(24) DEFAULT NULL) [0m
  [4;35;1mSQL (0.186690)[0m   [0mUPDATE schema_info SET version = 1[0m
  [4;36;1mSQL (0.001010)[0m   [0;1mSELECT version FROM schema_info[0m
Migrating to CreateRides (2)
  [4;35;1mSQL (0.186517)[0m   [0mCREATE TABLE rides ("id" INTEGER PRIMARY KEY NOT NULL, "location" varchar(255) DEFAULT NULL, "seats_available" int DEFAULT NULL, "departing" varchar(255) DEFAULT NULL, "returning" varchar(255) DEFAULT NULL, "auth" varchar(32) DEFAULT NULL) [0m
  [4;36;1mSQL (0.163540)[0m   [0;1mUPDATE schema_info SET version = 2[0m
  [4;35;1mSQL (0.001049)[0m   [0mSELECT version FROM schema_info[0m
Migrating to CreateRiders (3)
  [4;36;1mSQL (0.277715)[0m   [0;1mCREATE TABLE riders ("id" INTEGER PRIMARY KEY NOT NULL, "person_id" int DEFAULT NULL, "ride_id" int DEFAULT NULL) [0m
  [4;35;1mSQL (0.429066)[0m   [0mUPDATE schema_info SET version = 3[0m
  [4;36;1mSQL (0.001017)[0m   [0;1mSELECT version FROM schema_info[0m
Migrating to CreateDrivers (4)
  [4;35;1mSQL (0.295085)[0m   [0mCREATE TABLE drivers ("id" INTEGER PRIMARY KEY NOT NULL, "person_id" int DEFAULT NULL, "ride_id" int DEFAULT NULL) [0m
  [4;36;1mSQL (0.263395)[0m   [0;1mUPDATE schema_info SET version = 4[0m
  [4;35;1mSQL (0.001846)[0m   [0mSELECT version FROM schema_info[0m
Migrating to CreateRequests (5)
  [4;36;1mSQL (0.461132)[0m   [0;1mCREATE TABLE requests ("id" INTEGER PRIMARY KEY NOT NULL, "person_id" int DEFAULT NULL, "seats" int DEFAULT NULL) [0m
  [4;35;1mSQL (0.288765)[0m   [0mUPDATE schema_info SET version = 5[0m
  [4;36;1mSQL (0.001019)[0m   [0;1mSELECT version FROM schema_info[0m
Migrating to CreateEvents (6)
  [4;35;1mSQL (0.291855)[0m   [0mCREATE TABLE events ("id" INTEGER PRIMARY KEY NOT NULL, "name" varchar(255) DEFAULT NULL, "end_date" datetime DEFAULT NULL) [0m
  [4;36;1mSQL (0.206092)[0m   [0;1mUPDATE schema_info SET version = 6[0m
  [4;35;1mSQL (0.001041)[0m   [0mSELECT * FROM schema_info[0m
  [4;36;1mSQL (0.001930)[0m   [0;1mSELECT name FROM sqlite_master WHERE type = 'table'[0m
  [4;35;1mSQL (0.000228)[0m   [0mPRAGMA index_list(drivers)[0m
  [4;36;1mSQL (0.000242)[0m   [0;1mPRAGMA index_list(events)[0m
  [4;35;1mSQL (0.000227)[0m   [0mPRAGMA index_list(people)[0m
  [4;36;1mSQL (0.000382)[0m   [0;1mPRAGMA index_list(requests)[0m
  [4;35;1mSQL (0.000254)[0m   [0mPRAGMA index_list(riders)[0m
  [4;36;1mSQL (0.000280)[0m   [0;1mPRAGMA index_list(rides)[0m
  [4;36;1mSQL (0.000000)[0m   [0;1mSQLite3::SQLException: table schema_info already exists: CREATE TABLE schema_info (version integer)[0m
  [4;35;1mSQL (0.000000)[0m   [0mSQLite3::SQLException: table schema_info already exists: CREATE TABLE schema_info (version integer)[0m
  [4;36;1mSQL (0.001141)[0m   [0;1mSELECT version FROM schema_info[0m
  [4;35;1mSQL (0.000840)[0m   [0mSELECT version FROM schema_info[0m
  [4;36;1mSQL (0.003168)[0m   [0;1mSELECT version FROM schema_info[0m
  [4;35;1mSQL (0.000830)[0m   [0mSELECT version FROM schema_info[0m
  [4;36;1mSQL (0.000772)[0m   [0;1mSELECT version FROM schema_info[0m
  [4;35;1mSQL (0.000796)[0m   [0mSELECT version FROM schema_info[0m
  [4;36;1mSQL (0.001039)[0m   [0;1mSELECT * FROM schema_info[0m
  [4;35;1mSQL (0.222574)[0m   [0mSELECT name FROM sqlite_master WHERE type = 'table'[0m
  [4;36;1mSQL (0.000241)[0m   [0;1mPRAGMA index_list(drivers)[0m
  [4;35;1mSQL (0.000251)[0m   [0mPRAGMA index_list(events)[0m
  [4;36;1mSQL (0.000229)[0m   [0;1mPRAGMA index_list(people)[0m
  [4;35;1mSQL (0.000225)[0m   [0mPRAGMA index_list(requests)[0m
  [4;36;1mSQL (0.000223)[0m   [0;1mPRAGMA index_list(riders)[0m
  [4;35;1mSQL (0.000229)[0m   [0mPRAGMA index_list(rides)[0m
  [4;36;1mSQL (0.000000)[0m   [0;1mSQLite3::SQLException: table schema_info already exists: CREATE TABLE schema_info (version integer)[0m
  [4;35;1mSQL (0.001829)[0m   [0mSELECT version FROM schema_info[0m
  [4;36;1mSQL (0.000885)[0m   [0;1mSELECT version FROM schema_info[0m
  [4;35;1mSQL (0.000000)[0m   [0mSQLite3::SQLException: table schema_info already exists: CREATE TABLE schema_info (version integer)[0m
  [4;36;1mSQL (0.000990)[0m   [0;1mSELECT version FROM schema_info[0m
Migrating to CreateEvents (6)
  [4;35;1mSQL (0.301297)[0m   [0mDROP TABLE events[0m
  [4;36;1mSQL (0.313773)[0m   [0;1mUPDATE schema_info SET version = 5[0m
  [4;35;1mSQL (0.001889)[0m   [0mSELECT version FROM schema_info[0m
Migrating to CreateRequests (5)
  [4;36;1mSQL (0.306334)[0m   [0;1mDROP TABLE requests[0m
  [4;35;1mSQL (0.264102)[0m   [0mUPDATE schema_info SET version = 4[0m
  [4;36;1mSQL (0.001055)[0m   [0;1mSELECT version FROM schema_info[0m
Migrating to CreateDrivers (4)
  [4;35;1mSQL (0.294645)[0m   [0mDROP TABLE drivers[0m
  [4;36;1mSQL (0.307097)[0m   [0;1mUPDATE schema_info SET version = 3[0m
  [4;35;1mSQL (0.001255)[0m   [0mSELECT version FROM schema_info[0m
Migrating to CreateRiders (3)
  [4;36;1mSQL (0.253652)[0m   [0;1mDROP TABLE riders[0m
  [4;35;1mSQL (0.306862)[0m   [0mUPDATE schema_info SET version = 2[0m
  [4;36;1mSQL (0.001623)[0m   [0;1mSELECT version FROM schema_info[0m
Migrating to CreateRides (2)
  [4;35;1mSQL (0.302731)[0m   [0mDROP TABLE rides[0m
  [4;36;1mSQL (0.263959)[0m   [0;1mUPDATE schema_info SET version = 1[0m
Reached target version: 1
  [4;35;1mSQL (0.001024)[0m   [0mSELECT * FROM schema_info[0m
  [4;36;1mSQL (0.001003)[0m   [0;1mSELECT name FROM sqlite_master WHERE type = 'table'[0m
  [4;35;1mSQL (0.000264)[0m   [0mPRAGMA index_list(people)[0m
  [4;36;1mSQL (0.000000)[0m   [0;1mSQLite3::SQLException: table schema_info already exists: CREATE TABLE schema_info (version integer)[0m
  [4;35;1mSQL (0.000000)[0m   [0mSQLite3::SQLException: table schema_info already exists: CREATE TABLE schema_info (version integer)[0m
  [4;36;1mSQL (0.005894)[0m   [0;1mSELECT version FROM schema_info[0m
  [4;35;1mSQL (0.000899)[0m   [0mSELECT version FROM schema_info[0m
Migrating to CreateRides (2)
  [4;36;1mSQL (0.542350)[0m   [0;1mCREATE TABLE rides ("id" INTEGER PRIMARY KEY NOT NULL, "event_id" int DEFAULT NULL, "location" varchar(255) DEFAULT NULL, "seats_available" int DEFAULT NULL, "departing" varchar(255) DEFAULT NULL, "returning" varchar(255) DEFAULT NULL, "auth" varchar(32) DEFAULT NULL) [0m
  [4;35;1mSQL (0.289773)[0m   [0mUPDATE schema_info SET version = 2[0m
  [4;36;1mSQL (0.251727)[0m   [0;1mSELECT version FROM schema_info[0m
Migrating to CreateRiders (3)
  [4;35;1mSQL (0.313572)[0m   [0mCREATE TABLE riders ("id" INTEGER PRIMARY KEY NOT NULL, "person_id" int DEFAULT NULL, "ride_id" int DEFAULT NULL) [0m
  [4;36;1mSQL (0.323683)[0m   [0;1mUPDATE schema_info SET version = 3[0m
  [4;35;1mSQL (0.001027)[0m   [0mSELECT version FROM schema_info[0m
Migrating to CreateDrivers (4)
  [4;36;1mSQL (0.292797)[0m   [0;1mCREATE TABLE drivers ("id" INTEGER PRIMARY KEY NOT NULL, "person_id" int DEFAULT NULL, "ride_id" int DEFAULT NULL) [0m
  [4;35;1mSQL (0.247104)[0m   [0mUPDATE schema_info SET version = 4[0m
  [4;36;1mSQL (0.001019)[0m   [0;1mSELECT version FROM schema_info[0m
Migrating to CreateRequests (5)
  [4;35;1mSQL (0.178858)[0m   [0mCREATE TABLE requests ("id" INTEGER PRIMARY KEY NOT NULL, "person_id" int DEFAULT NULL, "seats" int DEFAULT NULL) [0m
  [4;36;1mSQL (0.327567)[0m   [0;1mUPDATE schema_info SET version = 5[0m
  [4;35;1mSQL (0.001061)[0m   [0mSELECT version FROM schema_info[0m
Migrating to CreateEvents (6)
  [4;36;1mSQL (0.413117)[0m   [0;1mCREATE TABLE events ("id" INTEGER PRIMARY KEY NOT NULL, "name" varchar(255) DEFAULT NULL, "end_date" datetime DEFAULT NULL) [0m
  [4;35;1mSQL (0.298125)[0m   [0mUPDATE schema_info SET version = 6[0m
  [4;36;1mSQL (0.001847)[0m   [0;1mSELECT * FROM schema_info[0m
  [4;35;1mSQL (0.002543)[0m   [0mSELECT name FROM sqlite_master WHERE type = 'table'[0m
  [4;36;1mSQL (0.000247)[0m   [0;1mPRAGMA index_list(drivers)[0m
  [4;35;1mSQL (0.000236)[0m   [0mPRAGMA index_list(events)[0m
  [4;36;1mSQL (0.000277)[0m   [0;1mPRAGMA index_list(people)[0m
  [4;35;1mSQL (0.000225)[0m   [0mPRAGMA index_list(requests)[0m
  [4;36;1mSQL (0.000392)[0m   [0;1mPRAGMA index_list(riders)[0m
  [4;35;1mSQL (0.000281)[0m   [0mPRAGMA index_list(rides)[0m
  [4;36;1mSQL (0.003200)[0m   [0;1mINSERT INTO rides ("event_id", "returning", "auth", "departing", "seats_available", "location") VALUES(NULL, NULL, NULL, NULL, NULL, NULL)[0m
  [4;35;1mRide Destroy (0.012997)[0m   [0m DELETE FROM rides
 WHERE "id" = 1
[0m
  [4;36;1mSQL (0.001551)[0m   [0;1mINSERT INTO rides ("event_id", "returning", "auth", "departing", "seats_available", "location") VALUES(NULL, NULL, NULL, NULL, NULL, NULL)[0m
  [4;35;1mRide Load (0.002137)[0m   [0mSELECT * FROM rides WHERE (rides."id" = 1) [0m
  [4;36;1mSQL (0.001546)[0m   [0;1mINSERT INTO rides ("event_id", "returning", "auth", "departing", "seats_available", "location") VALUES(NULL, NULL, '50O4N20U2EL07MD0T02J2', NULL, NULL, NULL)[0m
  [4;35;1mRide Load (0.001334)[0m   [0mSELECT * FROM rides WHERE (rides."id" = 2) [0m
  [4;36;1mRide Load (0.001799)[0m   [0;1mSELECT * FROM rides [0m
  [4;35;1mRide Destroy (0.001175)[0m   [0m DELETE FROM rides
 WHERE "id" = 1
[0m
  [4;36;1mRide Destroy (0.001007)[0m   [0;1m DELETE FROM rides
 WHERE "id" = 2
[0m
  [4;36;1mSQL (0.000000)[0m   [0;1mSQLite3::SQLException: table schema_info already exists: CREATE TABLE schema_info (version integer)[0m
  [4;35;1mSQL (0.000961)[0m   [0mSELECT version FROM schema_info[0m
  [4;36;1mSQL (0.001147)[0m   [0;1mSELECT version FROM schema_info[0m
  [4;35;1mSQL (0.000000)[0m   [0mSQLite3::SQLException: table schema_info already exists: CREATE TABLE schema_info (version integer)[0m
  [4;36;1mSQL (0.001136)[0m   [0;1mSELECT version FROM schema_info[0m
Migrating to CreateEvents (6)
  [4;35;1mSQL (0.500724)[0m   [0mDROP TABLE events[0m
  [4;36;1mSQL (0.290344)[0m   [0;1mUPDATE schema_info SET version = 5[0m
  [4;35;1mSQL (0.001098)[0m   [0mSELECT version FROM schema_info[0m
Migrating to CreateRequests (5)
  [4;36;1mSQL (0.279915)[0m   [0;1mDROP TABLE requests[0m
  [4;35;1mSQL (0.419916)[0m   [0mUPDATE schema_info SET version = 4[0m
  [4;36;1mSQL (0.001039)[0m   [0;1mSELECT version FROM schema_info[0m
Migrating to CreateRiders (3)
  [4;35;1mSQL (0.197399)[0m   [0mDROP TABLE riders[0m
  [4;36;1mSQL (0.437439)[0m   [0;1mUPDATE schema_info SET version = 2[0m
  [4;35;1mSQL (0.001261)[0m   [0mSELECT version FROM schema_info[0m
Migrating to CreateRides (2)
  [4;36;1mSQL (0.420936)[0m   [0;1mDROP TABLE rides[0m
  [4;35;1mSQL (0.430723)[0m   [0mUPDATE schema_info SET version = 1[0m
  [4;36;1mSQL (0.001089)[0m   [0;1mSELECT version FROM schema_info[0m
Migrating to CreatePeople (1)
  [4;35;1mSQL (0.201082)[0m   [0mDROP TABLE people[0m
  [4;36;1mSQL (0.191884)[0m   [0;1mUPDATE schema_info SET version = 0[0m
  [4;35;1mSQL (0.001209)[0m   [0mSELECT * FROM schema_info[0m
  [4;36;1mSQL (0.001023)[0m   [0;1mSELECT name FROM sqlite_master WHERE type = 'table'[0m
  [4;35;1mSQL (0.000246)[0m   [0mPRAGMA index_list(drivers)[0m
